\BOOKMARK [-1][-]{part.1}{\376\377\000I\000\040\000D\000a\000n\000s\000\040\000l\000e\000s\000\040\000F\000i\000l\000s\000\040\000d\000u\000\040\000D\000e\000s\000s\000i\000n}{}% 1
\BOOKMARK [0][-]{section.0.1}{\376\377\000P\000r\000\351\000f\000a\000c\000e\000\040\040\023\000\040\000L\000a\000\040\000R\000o\000u\000e\000\040\000T\000o\000u\000r\000n\000e}{part.1}% 2
\BOOKMARK [1][-]{subsection.0.1.1}{\376\377\000Q\000u\000e\000\040\000j\000o\000u\000e\000-\000t\000-\000o\000n\000\040\000?}{section.0.1}% 3
\BOOKMARK [2][-]{subsection.0.1.2}{\376\377\000Q\000u\000a\000n\000d\000\040\000j\000o\000u\000e\000-\000t\000-\000o\000n\000\040\000?}{subsection.0.1.1}% 4
\BOOKMARK [2][-]{subsection.0.1.3}{\376\377\000I\000n\000t\000r\000o\000d\000u\000c\000t\000i\000o\000n\000\040\000:\000\040\000V\000i\000s\000u\000a\000l\000i\000s\000e\000r\000\040\000l\000e\000s\000\040\000T\000e\000r\000r\000e\000s\000\040\000C\000o\000n\000n\000u\000e\000s}{subsection.0.1.1}% 5
\BOOKMARK [2][-]{subsection.0.1.4}{\376\377\000L\000e\000s\000\040\000T\000e\000r\000r\000e\000s\000\040\000d\000e\000\040\000l\000'\000O\000u\000e\000s\000t}{subsection.0.1.1}% 6
\BOOKMARK [2][-]{subsection.0.1.5}{\376\377\000L\000e\000s\000\040\000P\000e\000u\000p\000l\000e\000s\000\040\000d\000e\000s\000\040\000T\000e\000r\000r\000e\000s\000\040\000C\000o\000n\000n\000u\000e\000s}{subsection.0.1.1}% 7
\BOOKMARK [2][-]{subsection.0.1.6}{\376\377\000L\000e\000s\000\040\000L\000i\000e\000u\000x\000\040\000d\000e\000\040\000L\000\351\000g\000e\000n\000d\000e}{subsection.0.1.1}% 8
\BOOKMARK [2][-]{subsection.0.1.7}{\376\377\000C\000o\000n\000c\000l\000u\000s\000i\000o\000n\000\040\000:\000\040\000V\000i\000v\000r\000e\000\040\000l\000e\000\040\000M\000o\000n\000d\000e}{subsection.0.1.1}% 9
\BOOKMARK [-1][-]{part.2}{\376\377\000I\000I\000\040\000L\000e\000s\000\040\000R\000\350\000g\000l\000e\000s\000\040\000d\000u\000\040\000J\000e\000u}{}% 10
\BOOKMARK [0][-]{subsection.0.1.8}{\376\377\000\311\000t\000a\000p\000e\000s\000\040\000d\000e\000\040\000C\000r\000\351\000a\000t\000i\000o\000n}{part.2}% 11
\BOOKMARK [1][-]{subsection.0.1.9}{\376\377\000B\000a\000c\000k\000g\000r\000o\000u\000n\000d\000\040\000e\000t\000\040\000T\000r\000a\000i\000t\000s}{subsection.0.1.8}% 12
\BOOKMARK [2][-]{subsection.0.1.10}{\376\377\000O\000r\000i\000g\000i\000n\000e\000s\000\040\000C\000u\000l\000t\000u\000r\000e\000l\000l\000e\000s}{subsection.0.1.9}% 13
\BOOKMARK [2][-]{subsection.0.1.11}{\376\377\000L\000a\000n\000g\000u\000e\000s}{subsection.0.1.9}% 14
\BOOKMARK [2][-]{subsection.0.1.12}{\376\377\000T\000a\000'\000v\000e\000r\000e\000n\000\040\000:\000\040\000S\000y\000s\000t\000\350\000m\000e\000\040\000d\000e\000s\000\040\000A\000t\000t\000a\000c\000h\000e\000s\000\040\000\050\000R\000\350\000g\000l\000e\000\040\000O\000p\000t\000i\000o\000n\000n\000e\000l\000l\000e\000\051}{subsection.0.1.9}% 15
\BOOKMARK [2][-]{subsection.0.1.13}{\376\377\000A\000r\000c\000h\000\351\000t\000y\000p\000e\000s\000\040\000d\000e\000\040\000P\000e\000r\000s\000o\000n\000n\000a\000g\000e\000s}{subsection.0.1.9}% 16
\BOOKMARK [2][-]{subsection.0.1.14}{\376\377\000M\000\351\000c\000a\000n\000i\000q\000u\000e\000s\000\040\000d\000e\000\040\000C\000a\000n\000a\000l\000i\000s\000a\000t\000i\000o\000n}{subsection.0.1.9}% 17
\BOOKMARK [2][-]{subsection.0.1.15}{\376\377\000S\000y\000s\000t\000\350\000m\000e\000\040\000d\000'\000E\000x\000p\000\351\000r\000i\000e\000n\000c\000e\000\040\000e\000t\000\040\000P\000r\000o\000g\000r\000e\000s\000s\000i\000o\000n}{subsection.0.1.9}% 18
\BOOKMARK [2][-]{subsection.0.1.16}{\376\377\000T\000a\000b\000l\000e\000s\000\040\000d\000e\000\040\000C\000r\000\351\000a\000t\000i\000o\000n\000\040\000R\000a\000p\000i\000d\000e}{subsection.0.1.9}% 19
\BOOKMARK [1][-]{section.0.2}{\376\377\000A\000d\000a\000p\000t\000e\000r\000\040\000l\000e\000s\000\040\000R\000\350\000g\000l\000e\000s}{subsection.0.1.8}% 20
\BOOKMARK [2][-]{subsection.0.2.1}{\376\377\000S\000y\000s\000t\000\350\000m\000e\000\040\000d\000e\000\040\000D\000\351\000s\000\040\000T\000y\000p\000\351\000s\000\040\000:\000\040\000L\000u\000m\000i\000\350\000r\000e\000\040\000e\000t\000\040\000T\000\351\000n\000\350\000b\000r\000e\000s}{section.0.2}% 21
\BOOKMARK [2][-]{subsection.0.2.2}{\376\377\000C\000o\000m\000p\000\351\000t\000e\000n\000c\000e\000s\000\040\000M\000o\000d\000i\000f\000i\000\351\000e\000s}{section.0.2}% 22
\BOOKMARK [2][-]{subsection.0.2.3}{\376\377\000S\000y\000s\000t\000\350\000m\000e\000\040\000d\000e\000\040\000D\000i\000f\000f\000i\000c\000u\000l\000t\000\351}{section.0.2}% 23
\BOOKMARK [2][-]{subsection.0.2.4}{\376\377\000I\000n\000t\000e\000r\000p\000r\000\351\000t\000a\000t\000i\000o\000n\000\040\000d\000e\000s\000\040\000M\000a\000r\000g\000e\000s}{section.0.2}% 24
\BOOKMARK [2][-]{subsection.0.2.5}{\376\377\000S\000y\000s\000t\000\350\000m\000e\000\040\000d\000e\000\040\000D\000e\000s\000t\000i\000n\000\351\000e\000\040\000e\000t\000\040\000d\000e\000\040\000S\000t\000r\000e\000s\000s}{section.0.2}% 25
\BOOKMARK [2][-]{subsection.0.2.6}{\376\377\000R\000\350\000g\000l\000e\000s\000\040\000d\000e\000\040\000C\000o\000m\000b\000a\000t\000\040\000A\000d\000a\000p\000t\000\351\000e\000s}{section.0.2}% 26
\BOOKMARK [2][-]{subsection.0.2.7}{\376\377\000R\000\350\000g\000l\000e\000s\000\040\000S\000p\000\351\000c\000i\000f\000i\000q\000u\000e\000s\000\040\000a\000u\000\040\000P\000o\000u\000v\000o\000i\000r\000\040\000U\000n\000i\000q\000u\000e}{section.0.2}% 27
\BOOKMARK [1][-]{section.0.3}{\376\377\000M\000A\000G\000I\000E\000\040\040\024\000\040\000L\000E\000\040\000P\000O\000U\000V\000O\000I\000R\000\040\000D\000E\000\040\000L\000'\000U\000N\000I\000Q\000U\000E}{subsection.0.1.8}% 28
\BOOKMARK [2][-]{subsection.0.3.1}{\376\377\000U\000t\000i\000l\000i\000s\000e\000r\000\040\000l\000e\000s\000\040\000c\000o\000m\000p\000\351\000t\000e\000n\000c\000e\000s\000\040\000\351\000l\000\351\000m\000e\000n\000t\000a\000i\000r\000e\000s}{section.0.3}% 29
\BOOKMARK [2][-]{subsection.0.3.2}{\376\377\000L\000e\000\040\000c\000i\000b\000l\000a\000g\000e\000\040\000d\000a\000n\000s\000\040\000L\000a\000\040\000R\000o\000u\000e\000\040\000d\000u\000\040\000T\000e\000m\000p\000s}{section.0.3}% 30
\BOOKMARK [2][-]{subsection.0.3.3}{\376\377\000N\000o\000u\000v\000e\000a\000u\000x\000\040\000m\000o\000d\000i\000f\000i\000c\000a\000t\000e\000u\000r\000s}{section.0.3}% 31
\BOOKMARK [2][-]{subsection.0.3.4}{\376\377\000L\000u\000m\000i\000\350\000r\000e\000\040\000e\000t\000\040\000T\000\351\000n\000\350\000b\000r\000e\000s}{section.0.3}% 32
\BOOKMARK [2][-]{subsection.0.3.5}{\376\377\000C\000o\000n\000t\000r\000e\000c\000o\000u\000p\000s}{section.0.3}% 33
\BOOKMARK [2][-]{subsection.0.3.6}{\376\377\000L\000e\000s\000\040\000u\000t\000i\000l\000i\000s\000a\000t\000e\000u\000r\000s\000\040\000d\000u\000\040\000P\000o\000u\000v\000o\000i\000r\000\040\000d\000e\000\040\000l\000'\000U\000n\000i\000q\000u\000e}{section.0.3}% 34
\BOOKMARK [2][-]{subsection.0.3.7}{\376\377\000C\000o\000n\000j\000u\000r\000a\000t\000i\000o\000n}{section.0.3}% 35
\BOOKMARK [2][-]{subsection.0.3.8}{\376\377\000P\000r\000i\000n\000c\000i\000p\000e\000s\000\040\000d\000u\000\040\000C\000o\000m\000b\000a\000t}{section.0.3}% 36
\BOOKMARK [2][-]{subsection.0.3.9}{\376\377\000R\000\351\000s\000o\000l\000u\000t\000i\000o\000n\000\040\000d\000e\000s\000\040\000A\000t\000t\000a\000q\000u\000e\000s}{section.0.3}% 37
\BOOKMARK [2][-]{subsection.0.3.10}{\376\377\000A\000r\000m\000e\000s\000\040\000e\000t\000\040\000\311\000q\000u\000i\000p\000e\000m\000e\000n\000t\000s}{section.0.3}% 38
\BOOKMARK [2][-]{subsection.0.3.11}{\376\377\000T\000e\000c\000h\000n\000i\000q\000u\000e\000s\000\040\000d\000'\000\311\000p\000\351\000e\000\040\000-\000\040\000L\000'\000A\000r\000t\000\040\000M\000a\000r\000t\000i\000a\000l}{section.0.3}% 39
\BOOKMARK [2][-]{subsection.0.3.12}{\376\377\000C\000o\000m\000b\000a\000t\000\040\000e\000t\000\040\000P\000o\000u\000v\000o\000i\000r\000\040\000U\000n\000i\000q\000u\000e}{section.0.3}% 40
\BOOKMARK [2][-]{subsection.0.3.13}{\376\377\000T\000a\000c\000t\000i\000q\000u\000e\000s\000\040\000M\000i\000l\000i\000t\000a\000i\000r\000e\000s}{section.0.3}% 41
\BOOKMARK [2][-]{subsection.0.3.14}{\376\377\000A\000d\000v\000e\000r\000s\000a\000i\000r\000e\000s\000\040\000d\000e\000\040\000l\000'\000O\000m\000b\000r\000e}{section.0.3}% 42
\BOOKMARK [2][-]{subsection.0.3.15}{\376\377\000B\000l\000e\000s\000s\000u\000r\000e\000s\000\040\000e\000t\000\040\000G\000u\000\351\000r\000i\000s\000o\000n}{section.0.3}% 43
\BOOKMARK [-1][-]{part.3}{\376\377\000I\000I\000I\000\040\000M\000a\000\356\000t\000r\000i\000s\000e\000r\000\040\000l\000a\000\040\000R\000o\000u\000e}{}% 44
\BOOKMARK [0][-]{subsection.0.3.16}{\376\377\000I\000n\000t\000r\000o\000d\000u\000c\000t\000i\000o\000n\000\040\000:\000\040\000M\000a\000\356\000t\000r\000i\000s\000e\000r\000\040\000d\000a\000n\000s\000\040\000l\000'\000U\000n\000i\000v\000e\000r\000s\000\040\000d\000e\000\040\000J\000o\000r\000d\000a\000n}{part.3}% 45
\BOOKMARK [1][-]{subsection.0.3.17}{\376\377\000L\000e\000s\000\040\000T\000a\000'\000v\000e\000r\000e\000n\000\040\000e\000t\000\040\000l\000e\000\040\000D\000e\000s\000s\000i\000n\000\040\040\023\000\040\000S\000y\000s\000t\000\350\000m\000e\000\040\000d\000e\000s\000\040\000A\000t\000t\000a\000c\000h\000e\000s}{subsection.0.3.16}% 46
\BOOKMARK [2][-]{subsection.0.3.18}{\376\377\000C\000r\000\351\000e\000r\000\040\000l\000'\000A\000t\000m\000o\000s\000p\000h\000\350\000r\000e\000\040\000J\000o\000r\000d\000a\000n\000i\000e\000n\000n\000e}{subsection.0.3.17}% 47
\BOOKMARK [2][-]{subsection.0.3.19}{\376\377\000G\000\351\000r\000e\000r\000\040\000l\000e\000\040\000P\000o\000u\000v\000o\000i\000r\000\040\000U\000n\000i\000q\000u\000e}{subsection.0.3.17}% 48
\BOOKMARK [2][-]{subsection.0.3.20}{\376\377\000C\000o\000n\000s\000e\000i\000l\000s\000\040\000P\000r\000a\000t\000i\000q\000u\000e\000s\000\040\000d\000e\000\040\000M\000a\000\356\000t\000r\000i\000s\000e}{subsection.0.3.17}% 49
\BOOKMARK [2][-]{subsection.0.3.21}{\376\377\000C\000r\000\351\000e\000r\000\040\000d\000e\000s\000\040\000A\000n\000t\000a\000g\000o\000n\000i\000s\000t\000e\000s\000\040\000M\000\351\000m\000o\000r\000a\000b\000l\000e\000s}{subsection.0.3.17}% 50
\BOOKMARK [2][-]{subsection.0.3.22}{\376\377\000I\000n\000t\000\351\000g\000r\000e\000r\000\040\000l\000'\000H\000i\000s\000t\000o\000i\000r\000e\000\040\000M\000o\000n\000d\000i\000a\000l\000e}{subsection.0.3.17}% 51
\BOOKMARK [2][-]{subsection.0.3.23}{\376\377\000C\000o\000n\000c\000l\000u\000s\000i\000o\000n\000\040\000:\000\040\000L\000'\000A\000r\000t\000\040\000d\000e\000\040\000M\000a\000\356\000t\000r\000i\000s\000e\000r\000\040\000L\000a\000\040\000R\000o\000u\000e}{subsection.0.3.17}% 52
\BOOKMARK [1][-]{section.0.4}{\376\377\000C\000r\000\351\000e\000r\000\040\000d\000e\000s\000\040\000A\000v\000e\000n\000t\000u\000r\000e\000s\000\040\000\311\000p\000i\000q\000u\000e\000s}{subsection.0.3.16}% 53
\BOOKMARK [2][-]{subsection.0.4.1}{\376\377\000L\000'\000A\000r\000t\000\040\000d\000e\000\040\000l\000'\000I\000n\000t\000r\000i\000g\000u\000e\000\040\000d\000a\000n\000s\000\040\000L\000a\000\040\000R\000o\000u\000e}{section.0.4}% 54
\BOOKMARK [-1][-]{part.4}{\376\377\000I\000V\000\040\000C\000r\000\351\000a\000t\000u\000r\000e\000s\000\040\000e\000t\000\040\000M\000y\000s\000t\000\350\000r\000e\000s}{}% 55
\BOOKMARK [0][-]{chapter.1}{\376\377\000B\000e\000s\000t\000i\000a\000i\000r\000e}{part.4}% 56
\BOOKMARK [1][-]{section.1.1}{\376\377\000R\000\350\000g\000l\000e\000s\000\040\000d\000e\000s\000\040\000C\000r\000\351\000a\000t\000u\000r\000e\000s\000\040\000e\000t\000\040\000P\000e\000r\000s\000o\000n\000n\000a\000g\000e\000s}{chapter.1}% 57
\BOOKMARK [2][-]{subsection.1.1.1}{\376\377\000F\000o\000r\000m\000a\000t\000\040\000d\000e\000s\000\040\000P\000r\000o\000f\000i\000l\000s}{section.1.1}% 58
\BOOKMARK [2][-]{subsection.1.1.2}{\376\377\000C\000a\000p\000a\000c\000i\000t\000\351\000s\000\040\000S\000p\000\351\000c\000i\000a\000l\000e\000s}{section.1.1}% 59
\BOOKMARK [2][-]{subsection.1.1.3}{\376\377\000F\000a\000i\000b\000l\000e\000s\000s\000e\000s}{section.1.1}% 60
\BOOKMARK [1][-]{section.1.2}{\376\377\000L\000e\000s\000\040\000S\000e\000r\000v\000i\000t\000e\000u\000r\000s\000\040\000d\000e\000s\000\040\000T\000\351\000n\000\350\000b\000r\000e\000s}{chapter.1}% 61
\BOOKMARK [2][-]{subsection.1.2.1}{\376\377\000C\000r\000\351\000a\000t\000u\000r\000e\000s\000\040\000d\000e\000s\000\040\000F\000l\000\351\000a\000u\000x}{section.1.2}% 62
\BOOKMARK [2][-]{subsection.1.2.2}{\376\377\000C\000o\000n\000s\000t\000r\000u\000c\000t\000s\000\040\000d\000e\000\040\000l\000'\000\302\000g\000e\000\040\000d\000e\000s\000\040\000L\000\351\000g\000e\000n\000d\000e\000s}{section.1.2}% 63
\BOOKMARK [2][-]{subsection.1.2.3}{\376\377\000E\000n\000t\000i\000t\000\351\000s\000\040\000I\000n\000t\000e\000r\000d\000i\000m\000e\000n\000s\000i\000o\000n\000n\000e\000l\000l\000e\000s}{section.1.2}% 64
\BOOKMARK [2][-]{subsection.1.2.4}{\376\377\000C\000r\000\351\000a\000t\000u\000r\000e\000s\000\040\000C\000o\000r\000r\000o\000m\000p\000u\000e\000s}{section.1.2}% 65
\BOOKMARK [2][-]{subsection.1.2.5}{\376\377\000S\000u\000r\000v\000i\000v\000a\000n\000t\000s\000\040\000d\000e\000\040\000l\000'\000\302\000g\000e\000\040\000d\000e\000s\000\040\000L\000\351\000g\000e\000n\000d\000e\000s}{section.1.2}% 66
\BOOKMARK [2][-]{subsection.1.2.6}{\376\377\000C\000o\000n\000s\000e\000i\000l\000s\000\040\000d\000'\000U\000t\000i\000l\000i\000s\000a\000t\000i\000o\000n\000\040\000p\000o\000u\000r\000\040\000l\000e\000\040\000M\000J}{section.1.2}% 67
\BOOKMARK [2][-]{subsection.1.2.7}{\376\377\000A\000d\000a\000p\000t\000a\000t\000i\000o\000n\000\040\000d\000e\000s\000\040\000C\000a\000r\000a\000c\000t\000\351\000r\000i\000s\000t\000i\000q\000u\000e\000s}{section.1.2}% 68
\BOOKMARK [1][-]{section.1.3}{\376\377\000G\000a\000l\000e\000r\000i\000e\000\040\000d\000e\000s\000\040\000P\000e\000r\000s\000o\000n\000n\000a\000g\000e\000s\000\040\000N\000o\000n\000-\000J\000o\000u\000e\000u\000r\000s}{chapter.1}% 69
\BOOKMARK [2][-]{subsection.1.3.1}{\376\377\000L\000e\000\040\000P\000o\000u\000v\000o\000i\000r\000\040\000-\000\040\000C\000e\000u\000x\000\040\000q\000u\000i\000\040\000G\000o\000u\000v\000e\000r\000n\000e\000n\000t}{section.1.3}% 70
\BOOKMARK [2][-]{subsection.1.3.2}{\376\377\000L\000e\000\040\000P\000e\000u\000p\000l\000e\000\040\000-\000\040\000L\000a\000\040\000V\000o\000i\000x\000\040\000d\000e\000s\000\040\000S\000i\000m\000p\000l\000e\000s\000\040\000G\000e\000n\000s}{section.1.3}% 71
\BOOKMARK [2][-]{subsection.1.3.3}{\376\377\000L\000e\000\040\000C\000o\000m\000m\000e\000r\000c\000e\000\040\000-\000\040\000L\000e\000s\000\040\000M\000o\000t\000e\000u\000r\000s\000\040\000d\000e\000\040\000l\000'\000\311\000c\000o\000n\000o\000m\000i\000e}{section.1.3}% 72
\BOOKMARK [2][-]{subsection.1.3.4}{\376\377\000L\000e\000s\000\040\000O\000m\000b\000r\000e\000s\000\040\000-\000\040\000S\000e\000r\000v\000a\000n\000t\000s\000\040\000d\000e\000s\000\040\000S\000e\000c\000r\000e\000t\000s}{section.1.3}% 73
\BOOKMARK [2][-]{subsection.1.3.5}{\376\377\000C\000o\000n\000s\000e\000i\000l\000s\000\040\000d\000'\000U\000t\000i\000l\000i\000s\000a\000t\000i\000o\000n}{section.1.3}% 74
\BOOKMARK [1][-]{section.1.4}{\376\377\000L\000e\000s\000\040\000R\000\351\000p\000r\000o\000u\000v\000\351\000s\000\040\000-\000\040\000M\000a\000\356\000t\000r\000e\000s\000\040\000d\000e\000\040\000l\000'\000O\000m\000b\000r\000e}{chapter.1}% 75
\BOOKMARK [2][-]{subsection.1.4.1}{\376\377\000L\000a\000n\000f\000e\000a\000r\000\040\000-\000\040\000F\000i\000l\000l\000e\000\040\000d\000e\000\040\000l\000a\000\040\000N\000u\000i\000t}{section.1.4}% 76
\BOOKMARK [2][-]{subsection.1.4.2}{\376\377\000I\000s\000h\000a\000m\000a\000e\000l\000\040\000-\000\040\000T\000r\000a\000q\000u\000e\000u\000r\000\040\000d\000e\000s\000\040\000M\000e\000n\000s\000o\000n\000g\000e\000s}{section.1.4}% 77
\BOOKMARK [2][-]{subsection.1.4.3}{\376\377\000R\000a\000h\000v\000i\000n\000\040\000-\000\040\000M\000a\000\356\000t\000r\000e\000\040\000d\000e\000\040\000l\000a\000\040\000C\000o\000m\000p\000u\000l\000s\000i\000o\000n}{section.1.4}% 78
\BOOKMARK [2][-]{subsection.1.4.4}{\376\377\000S\000a\000m\000m\000a\000e\000l\000\040\000-\000\040\000L\000e\000\040\000D\000e\000s\000t\000r\000u\000c\000t\000e\000u\000r\000\040\000d\000'\000E\000s\000p\000o\000i\000r}{section.1.4}% 79
\BOOKMARK [1][-]{section.1.5}{\376\377\000H\000\351\000r\000o\000s\000\040\000d\000e\000\040\000l\000a\000\040\000L\000u\000m\000i\000\350\000r\000e}{chapter.1}% 80
\BOOKMARK [2][-]{subsection.1.5.1}{\376\377\000R\000a\000n\000d\000\040\000a\000l\000'\000T\000h\000o\000r\000\040\000-\000\040\000L\000e\000\040\000D\000r\000a\000g\000o\000n\000\040\000R\000\351\000i\000n\000c\000a\000r\000n\000\351}{section.1.5}% 81
\BOOKMARK [2][-]{subsection.1.5.2}{\376\377\000M\000o\000i\000r\000a\000i\000n\000e\000\040\000D\000a\000m\000o\000d\000r\000e\000d\000\040\000-\000\040\000A\000e\000s\000\040\000S\000e\000d\000a\000i\000\040\000d\000e\000\040\000l\000'\000A\000j\000a\000h\000\040\000B\000l\000e\000u\000e}{section.1.5}% 82
\BOOKMARK [2][-]{subsection.1.5.3}{\376\377\000L\000a\000n\000\040\000M\000a\000n\000d\000r\000a\000g\000o\000r\000a\000n\000\040\000-\000\040\000\311\000p\000\351\000e\000\040\000d\000e\000\040\000M\000a\000l\000k\000i\000e\000r}{section.1.5}% 83
\BOOKMARK [2][-]{subsection.1.5.4}{\376\377\000C\000o\000n\000s\000e\000i\000l\000s\000\040\000d\000'\000U\000t\000i\000l\000i\000s\000a\000t\000i\000o\000n\000\040\000p\000o\000u\000r\000\040\000l\000e\000s\000\040\000L\000\351\000g\000e\000n\000d\000e\000s}{section.1.5}% 84
\BOOKMARK [1][-]{section.1.6}{\376\377\000D\000i\000m\000e\000n\000s\000i\000o\000n\000s\000\040\000P\000a\000r\000a\000l\000l\000\350\000l\000e\000s}{chapter.1}% 85
\BOOKMARK [2][-]{subsection.1.6.1}{\376\377\000L\000e\000s\000\040\000C\000o\000u\000c\000h\000e\000s\000\040\000d\000e\000\040\000l\000a\000\040\000R\000\351\000a\000l\000i\000t\000\351}{section.1.6}% 86
\BOOKMARK [2][-]{subsection.1.6.2}{\376\377\000R\000\350\000g\000l\000e\000s\000\040\000d\000e\000\040\000S\000u\000r\000v\000i\000e\000\040\000I\000n\000t\000e\000r\000d\000i\000m\000e\000n\000s\000i\000o\000n\000n\000e\000l\000l\000e}{section.1.6}% 87
\BOOKMARK [2][-]{subsection.1.6.3}{\376\377\000A\000p\000p\000l\000i\000c\000a\000t\000i\000o\000n\000s\000\040\000P\000r\000a\000t\000i\000q\000u\000e\000s\000\040\000p\000o\000u\000r\000\040\000l\000e\000s\000\040\000A\000v\000e\000n\000t\000u\000r\000e\000s}{section.1.6}% 88
\BOOKMARK [2][-]{subsection.1.6.4}{\376\377\000P\000r\000\351\000c\000a\000u\000t\000i\000o\000n\000s\000\040\000p\000o\000u\000r\000\040\000l\000e\000\040\000M\000a\000\356\000t\000r\000e\000\040\000d\000e\000\040\000J\000e\000u}{section.1.6}% 89
\BOOKMARK [2][-]{subsection.1.6.5}{\376\377\000G\000\351\000r\000e\000r\000\040\000l\000e\000s\000\040\000C\000o\000n\000s\000\351\000q\000u\000e\000n\000c\000e\000s}{section.1.6}% 90
\BOOKMARK [-1][-]{part.5}{\376\377\000V\000\040\000A\000n\000n\000e\000x\000e\000s}{}% 91
\BOOKMARK [0][-]{section.1.7}{\376\377\000G\000l\000o\000s\000s\000a\000i\000r\000e\000\040\000e\000t\000\040\000R\000\351\000f\000\351\000r\000e\000n\000c\000e\000s}{part.5}% 92
\BOOKMARK [1][-]{subsection.1.7.1}{\376\377\000I\000n\000t\000r\000o\000d\000u\000c\000t\000i\000o\000n\000\040\000a\000u\000\040\000G\000l\000o\000s\000s\000a\000i\000r\000e}{section.1.7}% 93
\BOOKMARK [2][-]{subsection.1.7.2}{\376\377\000A}{subsection.1.7.1}% 94
\BOOKMARK [2][-]{subsection.1.7.3}{\376\377\000B}{subsection.1.7.1}% 95
\BOOKMARK [2][-]{subsection.1.7.4}{\376\377\000C}{subsection.1.7.1}% 96
\BOOKMARK [2][-]{subsection.1.7.5}{\376\377\000D}{subsection.1.7.1}% 97
\BOOKMARK [2][-]{subsection.1.7.6}{\376\377\000E}{subsection.1.7.1}% 98
\BOOKMARK [2][-]{subsection.1.7.7}{\376\377\000F}{subsection.1.7.1}% 99
\BOOKMARK [2][-]{subsection.1.7.8}{\376\377\000G}{subsection.1.7.1}% 100
\BOOKMARK [2][-]{subsection.1.7.9}{\376\377\000L}{subsection.1.7.1}% 101
\BOOKMARK [2][-]{subsection.1.7.10}{\376\377\000M}{subsection.1.7.1}% 102
\BOOKMARK [2][-]{subsection.1.7.11}{\376\377\000P}{subsection.1.7.1}% 103
\BOOKMARK [2][-]{subsection.1.7.12}{\376\377\000Q}{subsection.1.7.1}% 104
\BOOKMARK [2][-]{subsection.1.7.13}{\376\377\000R}{subsection.1.7.1}% 105
\BOOKMARK [2][-]{subsection.1.7.14}{\376\377\000S}{subsection.1.7.1}% 106
\BOOKMARK [2][-]{subsection.1.7.15}{\376\377\000T}{subsection.1.7.1}% 107
\BOOKMARK [2][-]{subsection.1.7.16}{\376\377\000V}{subsection.1.7.1}% 108
\BOOKMARK [2][-]{subsection.1.7.17}{\376\377\000W}{subsection.1.7.1}% 109
\BOOKMARK [1][-]{section.1.8}{\376\377\000P\000e\000r\000s\000o\000n\000n\000a\000g\000e\000s\000\040\000P\000r\000\352\000t\000s\000\040\000\340\000\040\000J\000o\000u\000e\000r}{section.1.7}% 110
\BOOKMARK [2][-]{subsection.1.8.1}{\376\377\000I\000n\000t\000r\000o\000d\000u\000c\000t\000i\000o\000n\000\040\000:\000\040\000U\000n\000\040\000G\000r\000o\000u\000p\000e\000\040\000F\000o\000r\000g\000\351\000\040\000p\000a\000r\000\040\000l\000'\000E\000x\000i\000l}{section.1.8}% 111
\BOOKMARK [2][-]{subsection.1.8.2}{\376\377\000F\000a\000e\000l\000\040\000B\000a\000r\000s\000e\000r\000e\000\040\040\024\000\040\000E\000x\000-\000E\000n\000f\000a\000n\000t\000\040\000d\000e\000\040\000l\000a\000\040\000L\000u\000m\000i\000\350\000r\000e}{section.1.8}% 112
\BOOKMARK [2][-]{subsection.1.8.3}{\376\377\000F\000e\000r\000n\000a\000n\000d\000o\000\040\000A\000l\000m\000a\000n\000d\000r\000e\000\040\040\024\000\040\000C\000a\000n\000a\000l\000i\000s\000a\000t\000e\000u\000r\000\040\000m\000a\000s\000c\000u\000l\000i\000n}{section.1.8}% 113
\BOOKMARK [2][-]{subsection.1.8.4}{\376\377\000A\000l\000i\000s\000e\000\040\000B\000r\000e\000n\000n\000a\000n\000\040\040\024\000\040\000F\000e\000m\000m\000e\000\040\000d\000u\000\040\000K\000i\000n}{section.1.8}% 114
\BOOKMARK [2][-]{subsection.1.8.5}{\376\377\000T\000h\000e\000r\000o\000n\000\040\000C\000h\000u\000l\000i\000a\000n\000d\000r\000e\000d\000\040\040\024\000\040\000T\000r\000o\000u\000v\000\350\000r\000e\000\040\000n\000o\000b\000l\000e}{section.1.8}% 115
\BOOKMARK [2][-]{subsection.1.8.6}{\376\377\000B\000e\000t\000h\000a\000m\000i\000n\000\040\000K\000e\000t\000t\000a\000r\000a\000\040\040\024\000\040\000D\000e\000r\000'\000s\000u\000l\000'\000d\000a\000m}{section.1.8}% 116
\BOOKMARK [2][-]{subsection.1.8.7}{\376\377\000T\000a\000m\000i\000r\000a\000\040\000K\000o\000d\000a\000r\000a\000\040\040\024\000\040\000C\000h\000a\000s\000s\000e\000u\000s\000e\000\040\000d\000u\000\040\000S\000h\000i\000e\000n\000a\000r}{section.1.8}% 117
\BOOKMARK [2][-]{subsection.1.8.8}{\376\377\000D\000y\000n\000a\000m\000i\000q\000u\000e\000\040\000d\000e\000\040\000G\000r\000o\000u\000p\000e}{section.1.8}% 118
\BOOKMARK [0][-]{chapter.2}{\376\377\000T\000a\000b\000l\000e\000s\000\040\000d\000e\000\040\000R\000\351\000f\000\351\000r\000e\000n\000c\000e}{part.5}% 119
\BOOKMARK [1][-]{section.2.1}{\376\377\000O\000r\000g\000a\000n\000i\000s\000a\000t\000i\000o\000n\000\040\000d\000e\000s\000\040\000T\000a\000b\000l\000e\000s\000\040\000d\000e\000\040\000R\000\351\000f\000\351\000r\000e\000n\000c\000e}{chapter.2}% 120
\BOOKMARK [1][-]{section.2.2}{\376\377\000T\000a\000b\000l\000e\000s\000\040\000S\000y\000s\000t\000\350\000m\000e\000\040\000d\000e\000\040\000B\000a\000s\000e}{chapter.2}% 121
\BOOKMARK [2][-]{subsection.2.2.1}{\376\377\000S\000e\000u\000i\000l\000s\000\040\000d\000e\000\040\000D\000i\000f\000f\000i\000c\000u\000l\000t\000\351\000\040\000S\000t\000a\000n\000d\000a\000r\000d}{section.2.2}% 122
\BOOKMARK [2][-]{subsection.2.2.2}{\376\377\000M\000o\000d\000i\000f\000i\000c\000a\000t\000e\000u\000r\000s\000\040\000S\000i\000t\000u\000a\000t\000i\000o\000n\000n\000e\000l\000s\000\040\000d\000e\000\040\000B\000a\000s\000e}{section.2.2}% 123
\BOOKMARK [1][-]{section.2.3}{\376\377\000T\000a\000b\000l\000e\000s\000\040\000d\000u\000\040\000P\000o\000u\000v\000o\000i\000r\000\040\000U\000n\000i\000q\000u\000e}{chapter.2}% 124
\BOOKMARK [2][-]{subsection.2.3.1}{\376\377\000D\000i\000f\000f\000i\000c\000u\000l\000t\000\351\000s\000\040\000d\000e\000\040\000C\000a\000n\000a\000l\000i\000s\000a\000t\000i\000o\000n\000\040\000p\000a\000r\000\040\000N\000i\000v\000e\000a\000u\000\040\000d\000e\000\040\000P\000o\000u\000v\000o\000i\000r}{section.2.3}% 125
\BOOKMARK [2][-]{subsection.2.3.2}{\376\377\000M\000o\000d\000i\000f\000i\000c\000a\000t\000e\000u\000r\000s\000\040\000d\000e\000\040\000C\000a\000n\000a\000l\000i\000s\000a\000t\000i\000o\000n}{section.2.3}% 126
\BOOKMARK [2][-]{subsection.2.3.3}{\376\377\000T\000a\000b\000l\000e\000\040\000d\000e\000s\000\040\000\311\000c\000h\000e\000c\000s\000\040\000C\000a\000t\000a\000s\000t\000r\000o\000p\000h\000i\000q\000u\000e\000s\000\040\000e\000n\000\040\000C\000a\000n\000a\000l\000i\000s\000a\000t\000i\000o\000n}{section.2.3}% 127
\BOOKMARK [1][-]{section.2.4}{\376\377\000T\000a\000b\000l\000e\000s\000\040\000d\000e\000\040\000C\000o\000m\000b\000a\000t\000\040\000S\000p\000\351\000c\000i\000a\000l\000i\000s\000\351}{chapter.2}% 128
\BOOKMARK [2][-]{subsection.2.4.1}{\376\377\000T\000e\000c\000h\000n\000i\000q\000u\000e\000s\000\040\000d\000'\000\311\000p\000\351\000e\000\040\000e\000t\000\040\000M\000o\000d\000i\000f\000i\000c\000a\000t\000e\000u\000r\000s}{section.2.4}% 129
\BOOKMARK [2][-]{subsection.2.4.2}{\376\377\000M\000o\000d\000i\000f\000i\000c\000a\000t\000e\000u\000r\000s\000\040\000d\000e\000\040\000C\000o\000m\000b\000a\000t\000\040\000s\000e\000l\000o\000n\000\040\000l\000'\000\311\000q\000u\000i\000p\000e\000m\000e\000n\000t}{section.2.4}% 130
\BOOKMARK [1][-]{section.2.5}{\376\377\000T\000a\000b\000l\000e\000s\000\040\000d\000'\000E\000n\000v\000i\000r\000o\000n\000n\000e\000m\000e\000n\000t\000\040\000e\000t\000\040\000V\000o\000y\000a\000g\000e}{chapter.2}% 131
\BOOKMARK [2][-]{subsection.2.5.1}{\376\377\000C\000o\000n\000d\000i\000t\000i\000o\000n\000s\000\040\000M\000\351\000t\000\351\000o\000r\000o\000l\000o\000g\000i\000q\000u\000e\000s\000\040\000e\000t\000\040\000E\000f\000f\000e\000t\000s}{section.2.5}% 132
\BOOKMARK [2][-]{subsection.2.5.2}{\376\377\000V\000i\000t\000e\000s\000s\000e\000s\000\040\000d\000e\000\040\000D\000\351\000p\000l\000a\000c\000e\000m\000e\000n\000t\000\040\000p\000a\000r\000\040\000T\000e\000r\000r\000a\000i\000n}{section.2.5}% 133
\BOOKMARK [1][-]{section.2.6}{\376\377\000T\000a\000b\000l\000e\000s\000\040\000S\000o\000c\000i\000a\000l\000e\000s\000\040\000e\000t\000\040\000C\000u\000l\000t\000u\000r\000e\000l\000l\000e\000s}{chapter.2}% 134
\BOOKMARK [2][-]{subsection.2.6.1}{\376\377\000R\000\351\000a\000c\000t\000i\000o\000n\000s\000\040\000s\000e\000l\000o\000n\000\040\000l\000'\000O\000r\000i\000g\000i\000n\000e\000\040\000R\000\351\000g\000i\000o\000n\000a\000l\000e}{section.2.6}% 135
\BOOKMARK [2][-]{subsection.2.6.2}{\376\377\000M\000o\000d\000i\000f\000i\000c\000a\000t\000e\000u\000r\000s\000\040\000s\000e\000l\000o\000n\000\040\000l\000a\000\040\000C\000l\000a\000s\000s\000e\000\040\000S\000o\000c\000i\000a\000l\000e}{section.2.6}% 136
\BOOKMARK [1][-]{section.2.7}{\376\377\000T\000a\000b\000l\000e\000s\000\040\000d\000e\000s\000\040\000C\000r\000\351\000a\000t\000u\000r\000e\000s\000\040\000e\000t\000\040\000A\000n\000t\000a\000g\000o\000n\000i\000s\000t\000e\000s}{chapter.2}% 137
\BOOKMARK [2][-]{subsection.2.7.1}{\376\377\000C\000a\000r\000a\000c\000t\000\351\000r\000i\000s\000t\000i\000q\000u\000e\000s\000\040\000M\000o\000y\000e\000n\000n\000e\000s\000\040\000d\000e\000s\000\040\000C\000r\000\351\000a\000t\000u\000r\000e\000s\000\040\000C\000o\000m\000m\000u\000n\000e\000s}{section.2.7}% 138
\BOOKMARK [2][-]{subsection.2.7.2}{\376\377\000N\000i\000v\000e\000a\000u\000x\000\040\000d\000e\000\040\000R\000\351\000s\000i\000s\000t\000a\000n\000c\000e\000\040\000a\000u\000x\000\040\000E\000f\000f\000e\000t\000s\000\040\000d\000u\000\040\000P\000o\000u\000v\000o\000i\000r}{section.2.7}% 139
\BOOKMARK [1][-]{section.2.8}{\376\377\000T\000a\000b\000l\000e\000s\000\040\000d\000'\000\311\000v\000\351\000n\000e\000m\000e\000n\000t\000s\000\040\000A\000l\000\351\000a\000t\000o\000i\000r\000e\000s}{chapter.2}% 140
\BOOKMARK [2][-]{subsection.2.8.1}{\376\377\000R\000e\000n\000c\000o\000n\000t\000r\000e\000s\000\040\000R\000o\000u\000t\000i\000\350\000r\000e\000s\000\040\000T\000y\000p\000i\000q\000u\000e\000s\000\040\000\050\0001\000d\0002\0000\000\051}{section.2.8}% 141
\BOOKMARK [2][-]{subsection.2.8.2}{\376\377\000C\000o\000m\000p\000l\000i\000c\000a\000t\000i\000o\000n\000s\000\040\000d\000e\000\040\000V\000o\000y\000a\000g\000e\000\040\000\050\0001\000d\0001\0002\000\051}{section.2.8}% 142
\BOOKMARK [1][-]{section.2.9}{\376\377\000I\000n\000d\000e\000x\000\040\000d\000e\000\040\000R\000\351\000f\000\351\000r\000e\000n\000c\000e\000\040\000R\000a\000p\000i\000d\000e}{chapter.2}% 143
\BOOKMARK [2][-]{subsection.2.9.1}{\376\377\000R\000\350\000g\000l\000e\000s\000\040\000C\000r\000i\000t\000i\000q\000u\000e\000s\000\040\000F\000r\000\351\000q\000u\000e\000n\000t\000e\000s}{section.2.9}% 144
\BOOKMARK [2][-]{subsection.2.9.2}{\376\377\000S\000e\000u\000i\000l\000s\000\040\000C\000r\000i\000t\000i\000q\000u\000e\000s\000\040\000\340\000\040\000R\000e\000t\000e\000n\000i\000r}{section.2.9}% 145
